2024-09-18 03:41:10|[background-preinit]|INFO |org.hibernate.validator.internal.util.Version-HV000001: Hibernate Validator 8.0.1.Final
2024-09-18 03:41:10|[main]|INFO |com.harshi_solution.inventorymate.InventoryAndBillingApplication-Starting InventoryAndBillingApplication using Java 17.0.8.1 with PID 9440 (D:\2024Learning\inventoryMangementJsp_AllCapsAndSonar\InventoryAndBilling_project\target\classes started by Harshikesh in D:\2024Learning\inventoryMangementJsp_AllCapsAndSonar\InventoryAndBilling_project)
2024-09-18 03:41:10|[main]|INFO |com.harshi_solution.inventorymate.InventoryAndBillingApplication-No active profile set, falling back to 1 default profile: "default"
2024-09-18 03:41:11|[main]|INFO |org.springframework.data.repository.config.RepositoryConfigurationDelegate-Bootstrapping Spring Data JPA repositories in DEFAULT mode.
2024-09-18 03:41:12|[main]|INFO |org.springframework.data.repository.config.RepositoryConfigurationDelegate-Finished Spring Data repository scanning in 383 ms. Found 12 JPA repository interfaces.
2024-09-18 03:41:13|[main]|INFO |org.springframework.boot.web.embedded.tomcat.TomcatWebServer-Tomcat initialized with port(s): 8087 (http)
2024-09-18 03:41:13|[main]|INFO |org.apache.coyote.http11.Http11NioProtocol-Initializing ProtocolHandler ["http-nio-8087"]
2024-09-18 03:41:13|[main]|INFO |org.apache.catalina.core.StandardService-Starting service [Tomcat]
2024-09-18 03:41:13|[main]|INFO |org.apache.catalina.core.StandardEngine-Starting Servlet engine: [Apache Tomcat/10.1.12]
2024-09-18 03:41:14|[main]|INFO |org.apache.catalina.core.ContainerBase.[Tomcat].[localhost].[/inventorybilling]-Initializing Spring embedded WebApplicationContext
2024-09-18 03:41:14|[main]|INFO |org.springframework.boot.web.servlet.context.ServletWebServerApplicationContext-Root WebApplicationContext: initialization completed in 3572 ms
2024-09-18 03:41:14|[main]|INFO |org.hibernate.jpa.internal.util.LogHelper-HHH000204: Processing PersistenceUnitInfo [name: default]
2024-09-18 03:41:14|[main]|INFO |org.hibernate.Version-HHH000412: Hibernate ORM core version 6.2.7.Final
2024-09-18 03:41:14|[main]|INFO |org.hibernate.cfg.Environment-HHH000406: Using bytecode reflection optimizer
2024-09-18 03:41:14|[main]|INFO |org.hibernate.bytecode.internal.BytecodeProviderInitiator-HHH000021: Bytecode provider name : bytebuddy
2024-09-18 03:41:15|[main]|INFO |org.springframework.orm.jpa.persistenceunit.SpringPersistenceUnitInfo-No LoadTimeWeaver setup: ignoring JPA class transformer
2024-09-18 03:41:15|[main]|INFO |com.zaxxer.hikari.HikariDataSource-HikariPool-1 - Starting...
2024-09-18 03:41:15|[main]|INFO |com.zaxxer.hikari.pool.HikariPool-HikariPool-1 - Added connection org.postgresql.jdbc.PgConnection@46524ebe
2024-09-18 03:41:15|[main]|INFO |com.zaxxer.hikari.HikariDataSource-HikariPool-1 - Start completed.
2024-09-18 03:41:16|[main]|INFO |org.hibernate.bytecode.internal.BytecodeProviderInitiator-HHH000021: Bytecode provider name : bytebuddy
2024-09-18 03:41:17|[main]|INFO |org.hibernate.engine.transaction.jta.platform.internal.JtaPlatformInitiator-HHH000490: Using JtaPlatform implementation: [org.hibernate.engine.transaction.jta.platform.internal.NoJtaPlatform]
2024-09-18 03:41:17|[main]|INFO |org.springframework.orm.jpa.LocalContainerEntityManagerFactoryBean-Initialized JPA EntityManagerFactory for persistence unit 'default'
2024-09-18 03:41:18|[main]|INFO |org.springframework.data.jpa.repository.query.QueryEnhancerFactory-Hibernate is in classpath; If applicable, HQL parser will be used.
2024-09-18 03:41:19|[main]|WARN |org.springframework.boot.web.servlet.context.AnnotationConfigServletWebServerApplicationContext-Exception encountered during context initialization - cancelling refresh attempt: org.springframework.beans.factory.UnsatisfiedDependencyException: Error creating bean with name 'infraServiceImpl': Unsatisfied dependency expressed through field 'extRestInvocationUtil': Error creating bean with name 'extRestInvocationUtil': Unsatisfied dependency expressed through field 'restTemplate': No qualifying bean of type 'org.springframework.web.client.RestTemplate' available: expected at least 1 bean which qualifies as autowire candidate. Dependency annotations: {@org.springframework.beans.factory.annotation.Autowired(required=true)}
2024-09-18 03:41:19|[main]|INFO |org.springframework.orm.jpa.LocalContainerEntityManagerFactoryBean-Closing JPA EntityManagerFactory for persistence unit 'default'
2024-09-18 03:41:19|[main]|INFO |com.zaxxer.hikari.HikariDataSource-HikariPool-1 - Shutdown initiated...
2024-09-18 03:41:19|[main]|INFO |com.zaxxer.hikari.HikariDataSource-HikariPool-1 - Shutdown completed.
2024-09-18 03:41:19|[main]|INFO |org.apache.catalina.core.StandardService-Stopping service [Tomcat]
2024-09-18 03:41:19|[main]|INFO |org.springframework.boot.autoconfigure.logging.ConditionEvaluationReportLogger-

Error starting ApplicationContext. To display the condition evaluation report re-run your application with 'debug' enabled.
2024-09-18 03:41:19|[main]|ERROR|org.springframework.boot.diagnostics.LoggingFailureAnalysisReporter-

***************************
APPLICATION FAILED TO START
***************************

Description:

Field restTemplate in com.harshi_solution.inventorymate.util.ExtRestInvocationUtil required a bean of type 'org.springframework.web.client.RestTemplate' that could not be found.

The injection point has the following annotations:
	- @org.springframework.beans.factory.annotation.Autowired(required=true)


Action:

Consider defining a bean of type 'org.springframework.web.client.RestTemplate' in your configuration.

2024-09-18 03:44:00|[background-preinit]|INFO |org.hibernate.validator.internal.util.Version-HV000001: Hibernate Validator 8.0.1.Final
2024-09-18 03:44:00|[main]|INFO |com.harshi_solution.inventorymate.InventoryAndBillingApplication-Starting InventoryAndBillingApplication using Java 17.0.8.1 with PID 26008 (D:\2024Learning\inventoryMangementJsp_AllCapsAndSonar\InventoryAndBilling_project\target\classes started by Harshikesh in D:\2024Learning\inventoryMangementJsp_AllCapsAndSonar\InventoryAndBilling_project)
2024-09-18 03:44:00|[main]|INFO |com.harshi_solution.inventorymate.InventoryAndBillingApplication-No active profile set, falling back to 1 default profile: "default"
2024-09-18 03:44:01|[main]|INFO |org.springframework.data.repository.config.RepositoryConfigurationDelegate-Bootstrapping Spring Data JPA repositories in DEFAULT mode.
2024-09-18 03:44:02|[main]|INFO |org.springframework.data.repository.config.RepositoryConfigurationDelegate-Finished Spring Data repository scanning in 335 ms. Found 12 JPA repository interfaces.
2024-09-18 03:44:03|[main]|INFO |org.springframework.boot.web.embedded.tomcat.TomcatWebServer-Tomcat initialized with port(s): 8087 (http)
2024-09-18 03:44:03|[main]|INFO |org.apache.coyote.http11.Http11NioProtocol-Initializing ProtocolHandler ["http-nio-8087"]
2024-09-18 03:44:03|[main]|INFO |org.apache.catalina.core.StandardService-Starting service [Tomcat]
2024-09-18 03:44:03|[main]|INFO |org.apache.catalina.core.StandardEngine-Starting Servlet engine: [Apache Tomcat/10.1.12]
2024-09-18 03:44:03|[main]|INFO |org.apache.catalina.core.ContainerBase.[Tomcat].[localhost].[/inventorybilling]-Initializing Spring embedded WebApplicationContext
2024-09-18 03:44:03|[main]|INFO |org.springframework.boot.web.servlet.context.ServletWebServerApplicationContext-Root WebApplicationContext: initialization completed in 3037 ms
2024-09-18 03:44:04|[main]|INFO |org.hibernate.jpa.internal.util.LogHelper-HHH000204: Processing PersistenceUnitInfo [name: default]
2024-09-18 03:44:04|[main]|INFO |org.hibernate.Version-HHH000412: Hibernate ORM core version 6.2.7.Final
2024-09-18 03:44:04|[main]|INFO |org.hibernate.cfg.Environment-HHH000406: Using bytecode reflection optimizer
2024-09-18 03:44:04|[main]|INFO |org.hibernate.bytecode.internal.BytecodeProviderInitiator-HHH000021: Bytecode provider name : bytebuddy
2024-09-18 03:44:04|[main]|INFO |org.springframework.orm.jpa.persistenceunit.SpringPersistenceUnitInfo-No LoadTimeWeaver setup: ignoring JPA class transformer
2024-09-18 03:44:04|[main]|INFO |com.zaxxer.hikari.HikariDataSource-HikariPool-1 - Starting...
2024-09-18 03:44:04|[main]|INFO |com.zaxxer.hikari.pool.HikariPool-HikariPool-1 - Added connection org.postgresql.jdbc.PgConnection@41be8db9
2024-09-18 03:44:04|[main]|INFO |com.zaxxer.hikari.HikariDataSource-HikariPool-1 - Start completed.
2024-09-18 03:44:05|[main]|INFO |org.hibernate.bytecode.internal.BytecodeProviderInitiator-HHH000021: Bytecode provider name : bytebuddy
2024-09-18 03:44:06|[main]|INFO |org.hibernate.engine.transaction.jta.platform.internal.JtaPlatformInitiator-HHH000490: Using JtaPlatform implementation: [org.hibernate.engine.transaction.jta.platform.internal.NoJtaPlatform]
2024-09-18 03:44:07|[main]|INFO |org.springframework.orm.jpa.LocalContainerEntityManagerFactoryBean-Initialized JPA EntityManagerFactory for persistence unit 'default'
2024-09-18 03:44:07|[main]|INFO |org.springframework.data.jpa.repository.query.QueryEnhancerFactory-Hibernate is in classpath; If applicable, HQL parser will be used.
2024-09-18 03:44:08|[main]|WARN |org.springframework.boot.web.servlet.context.AnnotationConfigServletWebServerApplicationContext-Exception encountered during context initialization - cancelling refresh attempt: org.springframework.beans.factory.UnsatisfiedDependencyException: Error creating bean with name 'extRestInvocationUtil': Unsatisfied dependency expressed through field 'restTemplate': No qualifying bean of type 'org.springframework.web.client.RestTemplate' available: expected at least 1 bean which qualifies as autowire candidate. Dependency annotations: {@org.springframework.beans.factory.annotation.Autowired(required=true)}
2024-09-18 03:44:08|[main]|INFO |org.springframework.orm.jpa.LocalContainerEntityManagerFactoryBean-Closing JPA EntityManagerFactory for persistence unit 'default'
2024-09-18 03:44:08|[main]|INFO |com.zaxxer.hikari.HikariDataSource-HikariPool-1 - Shutdown initiated...
2024-09-18 03:44:08|[main]|INFO |com.zaxxer.hikari.HikariDataSource-HikariPool-1 - Shutdown completed.
2024-09-18 03:44:08|[main]|INFO |org.apache.catalina.core.StandardService-Stopping service [Tomcat]
2024-09-18 03:44:08|[main]|INFO |org.springframework.boot.autoconfigure.logging.ConditionEvaluationReportLogger-

Error starting ApplicationContext. To display the condition evaluation report re-run your application with 'debug' enabled.
2024-09-18 03:44:08|[main]|ERROR|org.springframework.boot.diagnostics.LoggingFailureAnalysisReporter-

***************************
APPLICATION FAILED TO START
***************************

Description:

Field restTemplate in com.harshi_solution.inventorymate.util.ExtRestInvocationUtil required a bean of type 'org.springframework.web.client.RestTemplate' that could not be found.

The injection point has the following annotations:
	- @org.springframework.beans.factory.annotation.Autowired(required=true)


Action:

Consider defining a bean of type 'org.springframework.web.client.RestTemplate' in your configuration.

2024-09-18 10:09:45|[background-preinit]|INFO |org.hibernate.validator.internal.util.Version-HV000001: Hibernate Validator 8.0.1.Final
2024-09-18 10:09:45|[main]|INFO |com.harshi_solution.inventorymate.InventoryAndBillingApplication-Starting InventoryAndBillingApplication using Java 17.0.8.1 with PID 27588 (D:\2024Learning\inventoryMangementJsp_AllCapsAndSonar\InventoryAndBilling_project\target\classes started by Harshikesh in D:\2024Learning\inventoryMangementJsp_AllCapsAndSonar\InventoryAndBilling_project)
2024-09-18 10:09:45|[main]|INFO |com.harshi_solution.inventorymate.InventoryAndBillingApplication-No active profile set, falling back to 1 default profile: "default"
2024-09-18 10:09:47|[main]|INFO |org.springframework.data.repository.config.RepositoryConfigurationDelegate-Bootstrapping Spring Data JPA repositories in DEFAULT mode.
2024-09-18 10:09:47|[main]|INFO |org.springframework.data.repository.config.RepositoryConfigurationDelegate-Finished Spring Data repository scanning in 296 ms. Found 12 JPA repository interfaces.
2024-09-18 10:09:48|[main]|INFO |org.springframework.boot.web.embedded.tomcat.TomcatWebServer-Tomcat initialized with port(s): 8087 (http)
2024-09-18 10:09:48|[main]|INFO |org.apache.coyote.http11.Http11NioProtocol-Initializing ProtocolHandler ["http-nio-8087"]
2024-09-18 10:09:48|[main]|INFO |org.apache.catalina.core.StandardService-Starting service [Tomcat]
2024-09-18 10:09:48|[main]|INFO |org.apache.catalina.core.StandardEngine-Starting Servlet engine: [Apache Tomcat/10.1.12]
2024-09-18 10:09:49|[main]|INFO |org.apache.catalina.core.ContainerBase.[Tomcat].[localhost].[/inventorybilling]-Initializing Spring embedded WebApplicationContext
2024-09-18 10:09:49|[main]|INFO |org.springframework.boot.web.servlet.context.ServletWebServerApplicationContext-Root WebApplicationContext: initialization completed in 3068 ms
2024-09-18 10:09:49|[main]|INFO |org.hibernate.jpa.internal.util.LogHelper-HHH000204: Processing PersistenceUnitInfo [name: default]
2024-09-18 10:09:49|[main]|INFO |org.hibernate.Version-HHH000412: Hibernate ORM core version 6.2.7.Final
2024-09-18 10:09:49|[main]|INFO |org.hibernate.cfg.Environment-HHH000406: Using bytecode reflection optimizer
2024-09-18 10:09:49|[main]|INFO |org.hibernate.bytecode.internal.BytecodeProviderInitiator-HHH000021: Bytecode provider name : bytebuddy
2024-09-18 10:09:49|[main]|INFO |org.springframework.orm.jpa.persistenceunit.SpringPersistenceUnitInfo-No LoadTimeWeaver setup: ignoring JPA class transformer
2024-09-18 10:09:50|[main]|INFO |com.zaxxer.hikari.HikariDataSource-HikariPool-1 - Starting...
2024-09-18 10:09:50|[main]|INFO |com.zaxxer.hikari.pool.HikariPool-HikariPool-1 - Added connection org.postgresql.jdbc.PgConnection@1dca62c2
2024-09-18 10:09:50|[main]|INFO |com.zaxxer.hikari.HikariDataSource-HikariPool-1 - Start completed.
2024-09-18 10:09:51|[main]|INFO |org.hibernate.bytecode.internal.BytecodeProviderInitiator-HHH000021: Bytecode provider name : bytebuddy
2024-09-18 10:09:52|[main]|INFO |org.hibernate.engine.transaction.jta.platform.internal.JtaPlatformInitiator-HHH000490: Using JtaPlatform implementation: [org.hibernate.engine.transaction.jta.platform.internal.NoJtaPlatform]
2024-09-18 10:09:52|[main]|INFO |org.springframework.orm.jpa.LocalContainerEntityManagerFactoryBean-Initialized JPA EntityManagerFactory for persistence unit 'default'
2024-09-18 10:09:53|[main]|INFO |org.springframework.data.jpa.repository.query.QueryEnhancerFactory-Hibernate is in classpath; If applicable, HQL parser will be used.
2024-09-18 10:09:54|[main]|WARN |org.springframework.boot.web.servlet.context.AnnotationConfigServletWebServerApplicationContext-Exception encountered during context initialization - cancelling refresh attempt: org.springframework.beans.factory.UnsatisfiedDependencyException: Error creating bean with name 'extRestInvocationUtil': Unsatisfied dependency expressed through field 'restTemplate': No qualifying bean of type 'org.springframework.web.client.RestTemplate' available: expected at least 1 bean which qualifies as autowire candidate. Dependency annotations: {@org.springframework.beans.factory.annotation.Autowired(required=true)}
2024-09-18 10:09:54|[main]|INFO |org.springframework.orm.jpa.LocalContainerEntityManagerFactoryBean-Closing JPA EntityManagerFactory for persistence unit 'default'
2024-09-18 10:09:54|[main]|INFO |com.zaxxer.hikari.HikariDataSource-HikariPool-1 - Shutdown initiated...
2024-09-18 10:09:54|[main]|INFO |com.zaxxer.hikari.HikariDataSource-HikariPool-1 - Shutdown completed.
2024-09-18 10:09:54|[main]|INFO |org.apache.catalina.core.StandardService-Stopping service [Tomcat]
2024-09-18 10:09:54|[main]|INFO |org.springframework.boot.autoconfigure.logging.ConditionEvaluationReportLogger-

Error starting ApplicationContext. To display the condition evaluation report re-run your application with 'debug' enabled.
2024-09-18 10:09:54|[main]|ERROR|org.springframework.boot.diagnostics.LoggingFailureAnalysisReporter-

***************************
APPLICATION FAILED TO START
***************************

Description:

Field restTemplate in com.harshi_solution.inventorymate.util.ExtRestInvocationUtil required a bean of type 'org.springframework.web.client.RestTemplate' that could not be found.

The injection point has the following annotations:
	- @org.springframework.beans.factory.annotation.Autowired(required=true)


Action:

Consider defining a bean of type 'org.springframework.web.client.RestTemplate' in your configuration.

2024-09-18 10:21:38|[background-preinit]|INFO |org.hibernate.validator.internal.util.Version-HV000001: Hibernate Validator 8.0.1.Final
2024-09-18 10:21:38|[main]|INFO |com.harshi_solution.inventorymate.InventoryAndBillingApplication-Starting InventoryAndBillingApplication using Java 17.0.8.1 with PID 8488 (D:\2024Learning\inventoryMangementJsp_AllCapsAndSonar\InventoryAndBilling_project\target\classes started by Harshikesh in D:\2024Learning\inventoryMangementJsp_AllCapsAndSonar\InventoryAndBilling_project)
2024-09-18 10:21:38|[main]|INFO |com.harshi_solution.inventorymate.InventoryAndBillingApplication-No active profile set, falling back to 1 default profile: "default"
2024-09-18 10:21:39|[main]|INFO |org.springframework.data.repository.config.RepositoryConfigurationDelegate-Bootstrapping Spring Data JPA repositories in DEFAULT mode.
2024-09-18 10:21:39|[main]|INFO |org.springframework.data.repository.config.RepositoryConfigurationDelegate-Finished Spring Data repository scanning in 321 ms. Found 12 JPA repository interfaces.
2024-09-18 10:21:40|[main]|INFO |org.springframework.boot.web.embedded.tomcat.TomcatWebServer-Tomcat initialized with port(s): 8087 (http)
2024-09-18 10:21:40|[main]|INFO |org.apache.coyote.http11.Http11NioProtocol-Initializing ProtocolHandler ["http-nio-8087"]
2024-09-18 10:21:40|[main]|INFO |org.apache.catalina.core.StandardService-Starting service [Tomcat]
2024-09-18 10:21:40|[main]|INFO |org.apache.catalina.core.StandardEngine-Starting Servlet engine: [Apache Tomcat/10.1.12]
2024-09-18 10:21:41|[main]|INFO |org.apache.catalina.core.ContainerBase.[Tomcat].[localhost].[/inventorybilling]-Initializing Spring embedded WebApplicationContext
2024-09-18 10:21:41|[main]|INFO |org.springframework.boot.web.servlet.context.ServletWebServerApplicationContext-Root WebApplicationContext: initialization completed in 2673 ms
2024-09-18 10:21:41|[main]|INFO |org.hibernate.jpa.internal.util.LogHelper-HHH000204: Processing PersistenceUnitInfo [name: default]
2024-09-18 10:21:41|[main]|INFO |org.hibernate.Version-HHH000412: Hibernate ORM core version 6.2.7.Final
2024-09-18 10:21:41|[main]|INFO |org.hibernate.cfg.Environment-HHH000406: Using bytecode reflection optimizer
2024-09-18 10:21:41|[main]|INFO |org.hibernate.bytecode.internal.BytecodeProviderInitiator-HHH000021: Bytecode provider name : bytebuddy
2024-09-18 10:21:41|[main]|INFO |org.springframework.orm.jpa.persistenceunit.SpringPersistenceUnitInfo-No LoadTimeWeaver setup: ignoring JPA class transformer
2024-09-18 10:21:41|[main]|INFO |com.zaxxer.hikari.HikariDataSource-HikariPool-1 - Starting...
2024-09-18 10:21:42|[main]|INFO |com.zaxxer.hikari.pool.HikariPool-HikariPool-1 - Added connection org.postgresql.jdbc.PgConnection@5d01b0d8
2024-09-18 10:21:42|[main]|INFO |com.zaxxer.hikari.HikariDataSource-HikariPool-1 - Start completed.
2024-09-18 10:21:42|[main]|INFO |org.hibernate.bytecode.internal.BytecodeProviderInitiator-HHH000021: Bytecode provider name : bytebuddy
2024-09-18 10:21:44|[main]|INFO |org.hibernate.engine.transaction.jta.platform.internal.JtaPlatformInitiator-HHH000490: Using JtaPlatform implementation: [org.hibernate.engine.transaction.jta.platform.internal.NoJtaPlatform]
2024-09-18 10:21:44|[main]|INFO |org.springframework.orm.jpa.LocalContainerEntityManagerFactoryBean-Initialized JPA EntityManagerFactory for persistence unit 'default'
2024-09-18 10:21:44|[main]|INFO |org.springframework.data.jpa.repository.query.QueryEnhancerFactory-Hibernate is in classpath; If applicable, HQL parser will be used.
2024-09-18 10:21:46|[main]|WARN |org.springframework.boot.autoconfigure.orm.jpa.JpaBaseConfiguration$JpaWebConfiguration-spring.jpa.open-in-view is enabled by default. Therefore, database queries may be performed during view rendering. Explicitly configure spring.jpa.open-in-view to disable this warning
2024-09-18 10:21:46|[main]|INFO |org.springframework.boot.autoconfigure.web.servlet.WelcomePageHandlerMapping-Adding welcome page template: index
2024-09-18 10:21:46|[main]|INFO |org.apache.coyote.http11.Http11NioProtocol-Starting ProtocolHandler ["http-nio-8087"]
2024-09-18 10:21:46|[main]|INFO |org.springframework.boot.web.embedded.tomcat.TomcatWebServer-Tomcat started on port(s): 8087 (http) with context path '/inventorybilling'
2024-09-18 10:21:46|[main]|INFO |com.harshi_solution.inventorymate.InventoryAndBillingApplication-Started InventoryAndBillingApplication in 9.128 seconds (process running for 10.234)
2024-09-18 10:22:54|[http-nio-8087-exec-2]|INFO |org.apache.catalina.core.ContainerBase.[Tomcat].[localhost].[/inventorybilling]-Initializing Spring DispatcherServlet 'dispatcherServlet'
2024-09-18 10:22:54|[http-nio-8087-exec-2]|INFO |org.springframework.web.servlet.DispatcherServlet-Initializing Servlet 'dispatcherServlet'
2024-09-18 10:22:54|[http-nio-8087-exec-2]|INFO |org.springframework.web.servlet.DispatcherServlet-Completed initialization in 8 ms
2024-09-18 10:23:22|[http-nio-8087-exec-8]|INFO |com.harshi_solution.inventorymate.controllers.UserController-Displaying the login page
2024-09-18 10:23:24|[http-nio-8087-exec-9]|INFO |com.harshi_solution.inventorymate.controllers.UserController-Attempting login for email: harshisolution@gmail.com
2024-09-18 10:23:25|[http-nio-8087-exec-9]|INFO |com.harshi_solution.inventorymate.controllers.UserController-Login successful for email: harshisolution@gmail.com
